<?xml version="1.0" encoding="UTF-8"?>
<!-- Generated by org.testng.reporters.JUnitXMLReporter -->
<testsuite ignored="0" hostname="LAPTOP-90KPGUR1" failures="0" tests="5" name="Test" time="60.517" errors="0" timestamp="2023-09-01T16:17:56 IST">
  <testcase classname="com.TestLayer.LoginPageTest" name="verifyLoginTest" time="0.013"/>
  <testcase classname="com.TestLayer.ProductPageTest" name="addToCart" time="2.541"/>
  <testcase classname="com.TestLayer.ProductPageTest" name="goToCart" time="0.815"/>
  <testcase classname="com.TestLayer.CartPageTest" name="buyNow" time="11.96"/>
  <testcase classname="com.TestLayer.OrderPageTest" name="placeOrder" time="16.498"/>
</testsuite> <!-- Test -->
