<?xml version="1.0" encoding="UTF-8"?>
<testng-results ignored="0" total="5" passed="5" failed="0" skipped="0">
  <reporter-output>
  </reporter-output>
  <suite started-at="2023-09-01T16:16:56 IST" name="Suite" finished-at="2023-09-01T16:17:56 IST" duration-ms="60517">
    <groups>
    </groups>
    <test started-at="2023-09-01T16:16:56 IST" name="Test" finished-at="2023-09-01T16:17:56 IST" duration-ms="60517">
      <class name="com.TestLayer.LoginPageTest">
        <test-method is-config="true" signature="setup()[pri:0, instance:com.TestLayer.LoginPageTest@4a94ee4]" started-at="2023-09-01T16:16:56 IST" name="setup" finished-at="2023-09-01T16:17:01 IST" duration-ms="5602" status="PASS">
          <reporter-output>
          </reporter-output>
        </test-method> <!-- setup -->
        <test-method signature="verifyLoginTest()[pri:1, instance:com.TestLayer.LoginPageTest@4a94ee4]" started-at="2023-09-01T16:17:01 IST" name="verifyLoginTest" finished-at="2023-09-01T16:17:01 IST" duration-ms="13" status="PASS">
          <reporter-output>
          </reporter-output>
        </test-method> <!-- verifyLoginTest -->
        <test-method is-config="true" signature="tearDown()[pri:0, instance:com.TestLayer.LoginPageTest@4a94ee4]" started-at="2023-09-01T16:17:01 IST" name="tearDown" finished-at="2023-09-01T16:17:02 IST" duration-ms="312" status="PASS">
          <reporter-output>
          </reporter-output>
        </test-method> <!-- tearDown -->
      </class> <!-- com.TestLayer.LoginPageTest -->
      <class name="com.TestLayer.OrderPageTest">
        <test-method is-config="true" signature="setup()[pri:0, instance:com.TestLayer.OrderPageTest@294425a7]" started-at="2023-09-01T16:17:35 IST" name="setup" finished-at="2023-09-01T16:17:39 IST" duration-ms="4822" status="PASS">
          <reporter-output>
          </reporter-output>
        </test-method> <!-- setup -->
        <test-method signature="placeOrder()[pri:5, instance:com.TestLayer.OrderPageTest@294425a7]" started-at="2023-09-01T16:17:39 IST" name="placeOrder" finished-at="2023-09-01T16:17:56 IST" duration-ms="16498" status="PASS">
          <reporter-output>
          </reporter-output>
        </test-method> <!-- placeOrder -->
        <test-method is-config="true" signature="tearDown()[pri:0, instance:com.TestLayer.OrderPageTest@294425a7]" started-at="2023-09-01T16:17:56 IST" name="tearDown" finished-at="2023-09-01T16:17:56 IST" duration-ms="396" status="PASS">
          <reporter-output>
          </reporter-output>
        </test-method> <!-- tearDown -->
      </class> <!-- com.TestLayer.OrderPageTest -->
      <class name="com.TestLayer.ProductPageTest">
        <test-method is-config="true" signature="setup()[pri:0, instance:com.TestLayer.ProductPageTest@4cc451f2]" started-at="2023-09-01T16:17:02 IST" name="setup" finished-at="2023-09-01T16:17:07 IST" duration-ms="5130" status="PASS">
          <reporter-output>
          </reporter-output>
        </test-method> <!-- setup -->
        <test-method signature="addToCart()[pri:2, instance:com.TestLayer.ProductPageTest@4cc451f2]" started-at="2023-09-01T16:17:07 IST" name="addToCart" finished-at="2023-09-01T16:17:09 IST" duration-ms="2541" status="PASS">
          <reporter-output>
          </reporter-output>
        </test-method> <!-- addToCart -->
        <test-method is-config="true" signature="tearDown()[pri:0, instance:com.TestLayer.ProductPageTest@4cc451f2]" started-at="2023-09-01T16:17:09 IST" name="tearDown" finished-at="2023-09-01T16:17:10 IST" duration-ms="311" status="PASS">
          <reporter-output>
          </reporter-output>
        </test-method> <!-- tearDown -->
        <test-method is-config="true" signature="setup()[pri:0, instance:com.TestLayer.ProductPageTest@4cc451f2]" started-at="2023-09-01T16:17:10 IST" name="setup" finished-at="2023-09-01T16:17:15 IST" duration-ms="4891" status="PASS">
          <reporter-output>
          </reporter-output>
        </test-method> <!-- setup -->
        <test-method signature="goToCart()[pri:3, instance:com.TestLayer.ProductPageTest@4cc451f2]" started-at="2023-09-01T16:17:15 IST" name="goToCart" finished-at="2023-09-01T16:17:15 IST" duration-ms="815" status="PASS">
          <reporter-output>
          </reporter-output>
        </test-method> <!-- goToCart -->
        <test-method is-config="true" signature="tearDown()[pri:0, instance:com.TestLayer.ProductPageTest@4cc451f2]" started-at="2023-09-01T16:17:15 IST" name="tearDown" finished-at="2023-09-01T16:17:17 IST" duration-ms="1158" status="PASS">
          <reporter-output>
          </reporter-output>
        </test-method> <!-- tearDown -->
      </class> <!-- com.TestLayer.ProductPageTest -->
      <class name="com.TestLayer.CartPageTest">
        <test-method is-config="true" signature="setup()[pri:0, instance:com.TestLayer.CartPageTest@6379eb]" started-at="2023-09-01T16:17:17 IST" name="setup" finished-at="2023-09-01T16:17:22 IST" duration-ms="5563" status="PASS">
          <reporter-output>
          </reporter-output>
        </test-method> <!-- setup -->
        <test-method signature="buyNow()[pri:4, instance:com.TestLayer.CartPageTest@6379eb]" started-at="2023-09-01T16:17:22 IST" name="buyNow" finished-at="2023-09-01T16:17:34 IST" duration-ms="11960" status="PASS">
          <reporter-output>
          </reporter-output>
        </test-method> <!-- buyNow -->
        <test-method is-config="true" signature="tearDown()[pri:0, instance:com.TestLayer.CartPageTest@6379eb]" started-at="2023-09-01T16:17:34 IST" name="tearDown" finished-at="2023-09-01T16:17:35 IST" duration-ms="470" status="PASS">
          <reporter-output>
          </reporter-output>
        </test-method> <!-- tearDown -->
      </class> <!-- com.TestLayer.CartPageTest -->
    </test> <!-- Test -->
  </suite> <!-- Suite -->
</testng-results>
