<?xml version="1.0" encoding="UTF-8"?>
<testng-results ignored="0" total="1" passed="1" failed="0" skipped="0">
  <reporter-output>
  </reporter-output>
  <suite started-at="2023-08-25T17:11:08 IST" name="Default suite" finished-at="2023-08-25T17:11:32 IST" duration-ms="24421">
    <groups>
    </groups>
    <test started-at="2023-08-25T17:11:08 IST" name="Default test" finished-at="2023-08-25T17:11:32 IST" duration-ms="24421">
      <class name="com.TestLayer.OrderPageTest">
        <test-method is-config="true" signature="setup()[pri:0, instance:com.TestLayer.OrderPageTest@56620197]" started-at="2023-08-25T17:11:08 IST" name="setup" finished-at="2023-08-25T17:11:16 IST" duration-ms="8065" status="PASS">
          <reporter-output>
          </reporter-output>
        </test-method> <!-- setup -->
        <test-method signature="placeOrder()[pri:0, instance:com.TestLayer.OrderPageTest@56620197]" started-at="2023-08-25T17:11:16 IST" name="placeOrder" finished-at="2023-08-25T17:11:32 IST" duration-ms="15808" status="PASS">
          <reporter-output>
          </reporter-output>
        </test-method> <!-- placeOrder -->
        <test-method is-config="true" signature="tearDown()[pri:0, instance:com.TestLayer.OrderPageTest@56620197]" started-at="2023-08-25T17:11:32 IST" name="tearDown" finished-at="2023-08-25T17:11:32 IST" duration-ms="523" status="PASS">
          <reporter-output>
          </reporter-output>
        </test-method> <!-- tearDown -->
      </class> <!-- com.TestLayer.OrderPageTest -->
    </test> <!-- Default test -->
  </suite> <!-- Default suite -->
</testng-results>
